Determining if the pthread_create exist failed with the following output:
Change Dir: /home/tryckylake/UNIT_PROJECTS/Scop_42/lib/glfw-3.3/CMakeFiles/CMakeTmp

Run Build Command:"/usr/bin/make" "cmTC_735d5/fast"
/usr/bin/make -f CMakeFiles/cmTC_735d5.dir/build.make CMakeFiles/cmTC_735d5.dir/build
make[1]: Entering directory '/home/tryckylake/UNIT_PROJECTS/Scop_42/lib/glfw-3.3/CMakeFiles/CMakeTmp'
Building C object CMakeFiles/cmTC_735d5.dir/CheckSymbolExists.c.o
/usr/bin/cc    -o CMakeFiles/cmTC_735d5.dir/CheckSymbolExists.c.o   -c /home/tryckylake/UNIT_PROJECTS/Scop_42/lib/glfw-3.3/CMakeFiles/CMakeTmp/CheckSymbolExists.c
Linking C executable cmTC_735d5
/usr/bin/cmake -E cmake_link_script CMakeFiles/cmTC_735d5.dir/link.txt --verbose=1
/usr/bin/cc      -rdynamic CMakeFiles/cmTC_735d5.dir/CheckSymbolExists.c.o  -o cmTC_735d5 
CMakeFiles/cmTC_735d5.dir/CheckSymbolExists.c.o: In function `main':
CheckSymbolExists.c:(.text+0x1b): undefined reference to `pthread_create'
collect2: error: ld returned 1 exit status
CMakeFiles/cmTC_735d5.dir/build.make:97: recipe for target 'cmTC_735d5' failed
make[1]: *** [cmTC_735d5] Error 1
make[1]: Leaving directory '/home/tryckylake/UNIT_PROJECTS/Scop_42/lib/glfw-3.3/CMakeFiles/CMakeTmp'
Makefile:126: recipe for target 'cmTC_735d5/fast' failed
make: *** [cmTC_735d5/fast] Error 2

File /home/tryckylake/UNIT_PROJECTS/Scop_42/lib/glfw-3.3/CMakeFiles/CMakeTmp/CheckSymbolExists.c:
/* */
#include <pthread.h>

int main(int argc, char** argv)
{
  (void)argv;
#ifndef pthread_create
  return ((int*)(&pthread_create))[argc];
#else
  (void)argc;
  return 0;
#endif
}

Determining if the function pthread_create exists in the pthreads failed with the following output:
Change Dir: /home/tryckylake/UNIT_PROJECTS/Scop_42/lib/glfw-3.3/CMakeFiles/CMakeTmp

Run Build Command:"/usr/bin/make" "cmTC_07af7/fast"
/usr/bin/make -f CMakeFiles/cmTC_07af7.dir/build.make CMakeFiles/cmTC_07af7.dir/build
make[1]: Entering directory '/home/tryckylake/UNIT_PROJECTS/Scop_42/lib/glfw-3.3/CMakeFiles/CMakeTmp'
Building C object CMakeFiles/cmTC_07af7.dir/CheckFunctionExists.c.o
/usr/bin/cc   -DCHECK_FUNCTION_EXISTS=pthread_create   -o CMakeFiles/cmTC_07af7.dir/CheckFunctionExists.c.o   -c /usr/share/cmake-3.10/Modules/CheckFunctionExists.c
Linking C executable cmTC_07af7
/usr/bin/cmake -E cmake_link_script CMakeFiles/cmTC_07af7.dir/link.txt --verbose=1
/usr/bin/cc  -DCHECK_FUNCTION_EXISTS=pthread_create    -rdynamic CMakeFiles/cmTC_07af7.dir/CheckFunctionExists.c.o  -o cmTC_07af7 -lpthreads 
/usr/bin/ld: cannot find -lpthreads
collect2: error: ld returned 1 exit status
CMakeFiles/cmTC_07af7.dir/build.make:97: recipe for target 'cmTC_07af7' failed
make[1]: *** [cmTC_07af7] Error 1
make[1]: Leaving directory '/home/tryckylake/UNIT_PROJECTS/Scop_42/lib/glfw-3.3/CMakeFiles/CMakeTmp'
Makefile:126: recipe for target 'cmTC_07af7/fast' failed
make: *** [cmTC_07af7/fast] Error 2


